<?xml version="1.0" encoding="UTF-8"?>
<testsuite name="GrammarTest" tests="10" skipped="0" failures="0" errors="0" timestamp="2020-11-09T22:03:44" hostname="Isidoras-MacBook-Pro.local" time="0.013">
  <properties/>
  <testcase name="getTitleTest" classname="GrammarTest" time="0.001"/>
  <testcase name="getInfoTest" classname="GrammarTest" time="0.001"/>
  <testcase name="failConstructorTest" classname="GrammarTest" time="0.001"/>
  <testcase name="notEqualObjects" classname="GrammarTest" time="0.001"/>
  <testcase name="equalsTest" classname="GrammarTest" time="0.002"/>
  <testcase name="getDescriptionTest" classname="GrammarTest" time="0.001"/>
  <testcase name="toStringTest" classname="GrammarTest" time="0.001"/>
  <testcase name="notEqualTest" classname="GrammarTest" time="0.001"/>
  <testcase name="hashcodeTest" classname="GrammarTest" time="0.002"/>
  <testcase name="getInfoValueTest" classname="GrammarTest" time="0.001"/>
  <system-out><![CDATA[]]></system-out>
  <system-err><![CDATA[]]></system-err>
</testsuite>
