<?xml version="1.0" encoding="UTF-8"?>
<testsuite name="SentenceGeneratorTest" tests="7" skipped="0" failures="0" errors="0" timestamp="2020-11-09T22:03:44" hostname="Isidoras-MacBook-Pro.local" time="0.008">
  <properties/>
  <testcase name="nullGrammarHandle" classname="SentenceGeneratorTest" time="0.001"/>
  <testcase name="buildSentenceNoSeed" classname="SentenceGeneratorTest" time="0.0"/>
  <testcase name="testToString" classname="SentenceGeneratorTest" time="0.001"/>
  <testcase name="buildSentence" classname="SentenceGeneratorTest" time="0.001"/>
  <testcase name="testNullEquals" classname="SentenceGeneratorTest" time="0.001"/>
  <testcase name="testHashCode" classname="SentenceGeneratorTest" time="0.001"/>
  <testcase name="testEquals" classname="SentenceGeneratorTest" time="0.001"/>
  <system-out><![CDATA[]]></system-out>
  <system-err><![CDATA[]]></system-err>
</testsuite>
